[2024-Nov-01 14:07:40.315 +01:00][17699:17699][info ] Logging initialized
[2024-Nov-01 14:07:40.315 +01:00][17699:17699][info ] Initializing krisp SDK...
[2024-Nov-01 14:07:40.315 +01:00][17699:17699][info ] DoKrispInitialize
[2024-Nov-01 14:07:40.662 +01:00][17699:17699][info ] LoadDynamicKrisp
[2024-Nov-01 14:07:40.662 +01:00][17699:17699][info ] Did not find KRISP_DYLIB_PATH, skipping dynamic loading
[2024-Nov-01 14:07:40.662 +01:00][17699:17699][info ] Initializing Krisp SDK in PID 17699, addr 0x74a70b3907a0
[2024-Nov-01 14:07:40.861 +01:00][17699:17699][info ] Initialized Krisp SDK successfully
[2024-Nov-01 14:07:40.861 +01:00][17699:17699][info ] Krisp SDK initialized
[2024-Nov-01 14:08:16.191 +01:00][17904:17904][info ] Logging initialized
[2024-Nov-01 14:08:16.191 +01:00][17904:17904][info ] Initializing krisp SDK...
[2024-Nov-01 14:08:16.191 +01:00][17904:17904][info ] DoKrispInitialize
[2024-Nov-01 14:08:16.549 +01:00][17904:17904][info ] LoadDynamicKrisp
[2024-Nov-01 14:08:16.549 +01:00][17904:17904][info ] Did not find KRISP_DYLIB_PATH, skipping dynamic loading
[2024-Nov-01 14:08:16.549 +01:00][17904:17904][info ] Initializing Krisp SDK in PID 17904, addr 0x74bf997907a0
[2024-Nov-01 14:08:16.843 +01:00][17904:17904][info ] Initialized Krisp SDK successfully
[2024-Nov-01 14:08:16.843 +01:00][17904:17904][info ] Krisp SDK initialized
[2024-Nov-01 14:08:18.437 +01:00][17904:17904][info ] Logging initialized
[2024-Nov-01 14:08:18.437 +01:00][17904:17904][info ] Initializing krisp SDK...
[2024-Nov-01 14:08:18.437 +01:00][17904:17904][info ] Krisp SDK initialized
[2024-Nov-01 14:12:37.671 +01:00][18905:18905][info ] Logging initialized
[2024-Nov-01 14:12:37.671 +01:00][18905:18905][info ] Initializing krisp SDK...
[2024-Nov-01 14:12:37.671 +01:00][18905:18905][info ] DoKrispInitialize
[2024-Nov-01 14:12:38.024 +01:00][18905:18905][info ] LoadDynamicKrisp
[2024-Nov-01 14:12:38.024 +01:00][18905:18905][info ] Did not find KRISP_DYLIB_PATH, skipping dynamic loading
[2024-Nov-01 14:12:38.024 +01:00][18905:18905][info ] Initializing Krisp SDK in PID 18905, addr 0x79b8cb1907a0
[2024-Nov-01 14:12:38.229 +01:00][18905:18905][info ] Initialized Krisp SDK successfully
[2024-Nov-01 14:12:38.229 +01:00][18905:18905][info ] Krisp SDK initialized
[2024-Nov-02 16:18:08.774 +01:00][ 1294: 1294][info ] Logging initialized
[2024-Nov-02 16:18:08.774 +01:00][ 1294: 1294][info ] Initializing krisp SDK...
[2024-Nov-02 16:18:08.774 +01:00][ 1294: 1294][info ] DoKrispInitialize
[2024-Nov-02 16:18:09.335 +01:00][ 1294: 1294][info ] LoadDynamicKrisp
[2024-Nov-02 16:18:09.335 +01:00][ 1294: 1294][info ] Did not find KRISP_DYLIB_PATH, skipping dynamic loading
[2024-Nov-02 16:18:09.335 +01:00][ 1294: 1294][info ] Initializing Krisp SDK in PID 1294, addr 0x7e8068b907a0
[2024-Nov-02 16:18:09.552 +01:00][ 1294: 1294][info ] Initialized Krisp SDK successfully
[2024-Nov-02 16:18:09.552 +01:00][ 1294: 1294][info ] Krisp SDK initialized
[2024-Nov-02 16:36:09.490 +01:00][ 4946: 4946][info ] Logging initialized
[2024-Nov-02 16:36:09.490 +01:00][ 4946: 4946][info ] Initializing krisp SDK...
[2024-Nov-02 16:36:09.490 +01:00][ 4946: 4946][info ] DoKrispInitialize
[2024-Nov-02 16:36:09.839 +01:00][ 4946: 4946][info ] LoadDynamicKrisp
[2024-Nov-02 16:36:09.839 +01:00][ 4946: 4946][info ] Did not find KRISP_DYLIB_PATH, skipping dynamic loading
[2024-Nov-02 16:36:09.839 +01:00][ 4946: 4946][info ] Initializing Krisp SDK in PID 4946, addr 0x73b2c7b907a0
[2024-Nov-02 16:36:10.055 +01:00][ 4946: 4946][info ] Initialized Krisp SDK successfully
[2024-Nov-02 16:36:10.055 +01:00][ 4946: 4946][info ] Krisp SDK initialized
[2024-Nov-02 17:00:54.300 +01:00][ 7344: 7344][info ] Logging initialized
[2024-Nov-02 17:00:54.300 +01:00][ 7344: 7344][info ] Initializing krisp SDK...
[2024-Nov-02 17:00:54.300 +01:00][ 7344: 7344][info ] DoKrispInitialize
[2024-Nov-02 17:00:54.652 +01:00][ 7344: 7344][info ] LoadDynamicKrisp
[2024-Nov-02 17:00:54.652 +01:00][ 7344: 7344][info ] Did not find KRISP_DYLIB_PATH, skipping dynamic loading
[2024-Nov-02 17:00:54.652 +01:00][ 7344: 7344][info ] Initializing Krisp SDK in PID 7344, addr 0x7961aef907a0
[2024-Nov-02 17:00:54.855 +01:00][ 7344: 7344][info ] Initialized Krisp SDK successfully
[2024-Nov-02 17:00:54.855 +01:00][ 7344: 7344][info ] Krisp SDK initialized
[2024-Nov-02 17:29:05.895 +01:00][10519:10519][info ] Logging initialized
[2024-Nov-02 17:29:05.895 +01:00][10519:10519][info ] Initializing krisp SDK...
[2024-Nov-02 17:29:05.895 +01:00][10519:10519][info ] DoKrispInitialize
[2024-Nov-02 17:29:06.243 +01:00][10519:10519][info ] LoadDynamicKrisp
[2024-Nov-02 17:29:06.243 +01:00][10519:10519][info ] Did not find KRISP_DYLIB_PATH, skipping dynamic loading
[2024-Nov-02 17:29:06.243 +01:00][10519:10519][info ] Initializing Krisp SDK in PID 10519, addr 0x77e823d907a0
[2024-Nov-02 17:29:06.457 +01:00][10519:10519][info ] Initialized Krisp SDK successfully
[2024-Nov-02 17:29:06.457 +01:00][10519:10519][info ] Krisp SDK initialized
[2024-Nov-02 17:29:37.051 +01:00][11180:11180][info ] Logging initialized
[2024-Nov-02 17:29:37.051 +01:00][11180:11180][info ] Initializing krisp SDK...
[2024-Nov-02 17:29:37.051 +01:00][11180:11180][info ] DoKrispInitialize
[2024-Nov-02 17:29:37.400 +01:00][11180:11180][info ] LoadDynamicKrisp
[2024-Nov-02 17:29:37.400 +01:00][11180:11180][info ] Did not find KRISP_DYLIB_PATH, skipping dynamic loading
[2024-Nov-02 17:29:37.400 +01:00][11180:11180][info ] Initializing Krisp SDK in PID 11180, addr 0x777980b907a0
[2024-Nov-02 17:29:37.617 +01:00][11180:11180][info ] Initialized Krisp SDK successfully
[2024-Nov-02 17:29:37.617 +01:00][11180:11180][info ] Krisp SDK initialized
[2024-Nov-02 17:30:17.156 +01:00][11460:11460][info ] Logging initialized
[2024-Nov-02 17:30:17.156 +01:00][11460:11460][info ] Initializing krisp SDK...
[2024-Nov-02 17:30:17.156 +01:00][11460:11460][info ] DoKrispInitialize
[2024-Nov-02 17:30:17.505 +01:00][11460:11460][info ] LoadDynamicKrisp
[2024-Nov-02 17:30:17.505 +01:00][11460:11460][info ] Did not find KRISP_DYLIB_PATH, skipping dynamic loading
[2024-Nov-02 17:30:17.505 +01:00][11460:11460][info ] Initializing Krisp SDK in PID 11460, addr 0x7388779907a0
[2024-Nov-02 17:30:17.707 +01:00][11460:11460][info ] Initialized Krisp SDK successfully
[2024-Nov-02 17:30:17.707 +01:00][11460:11460][info ] Krisp SDK initialized
