2024-11-01T13:07:24.761Z 0: 

----------------------------------------------
2024-11-01T13:07:24.769Z 1: Discord starting: {"releaseChannel":"stable","version":"0.0.72"}, modulepath: /home/grape/.config/discord/0.0.72/modules
2024-11-01T13:07:24.775Z 2: ✅ webContents.created web1 ""
2024-11-01T13:07:24.783Z 3: ✅ window.created win1 "discord"
2024-11-01T13:07:25.101Z 4: ✅ webContents.did-finish-load web1
2024-11-01T13:07:35.558Z 5: ✅ webContents.created web2 ""
2024-11-01T13:07:35.572Z 6: ✅ window.created win2 "Discord"
2024-11-01T13:07:37.164Z 7: ✅ webContents.did-finish-load web2
2024-11-01T13:07:37.264Z 8: window.close win1
2024-11-01T13:07:37.273Z 9: webContents.destroyed web1
2024-11-01T13:07:37.278Z 10: window.closed win1
2024-11-01T13:08:07.589Z 11: before-quit
2024-11-01T13:08:07.594Z 12: window.close win2
2024-11-01T13:08:07.682Z 13: webContents.destroyed web2
2024-11-01T13:08:13.627Z 0: 

----------------------------------------------
2024-11-01T13:08:13.639Z 1: Discord starting: {"releaseChannel":"stable","version":"0.0.72"}, modulepath: /home/grape/.config/discord/0.0.72/modules
2024-11-01T13:08:13.647Z 2: ✅ webContents.created web1 ""
2024-11-01T13:08:13.651Z 3: ✅ window.created win1 "discord"
2024-11-01T13:08:13.895Z 4: ✅ webContents.did-finish-load web1
2024-11-01T13:08:14.269Z 5: ✅ webContents.created web2 ""
2024-11-01T13:08:14.280Z 6: ✅ window.created win2 "Discord"
2024-11-01T13:08:17.374Z 7: ❌ webContents.did-fail-load web2" -3 
2024-11-01T13:08:19.082Z 8: ✅ webContents.did-finish-load web2
2024-11-01T13:08:19.184Z 9: window.close win1
2024-11-01T13:08:19.191Z 10: webContents.destroyed web1
2024-11-01T13:08:19.196Z 11: window.closed win1
2024-11-01T13:12:32.829Z 12: before-quit
2024-11-01T13:12:32.834Z 13: window.close win2
2024-11-01T13:12:32.933Z 14: webContents.destroyed web2
2024-11-01T13:12:35.429Z 0: 

----------------------------------------------
2024-11-01T13:12:35.481Z 1: Discord starting: {"releaseChannel":"stable","version":"0.0.72"}, modulepath: /home/grape/.config/discord/0.0.72/modules
2024-11-01T13:12:35.488Z 2: ✅ webContents.created web1 ""
2024-11-01T13:12:35.495Z 3: ✅ window.created win1 "discord"
2024-11-01T13:12:35.678Z 4: ✅ webContents.did-finish-load web1
2024-11-01T13:12:36.159Z 5: ✅ webContents.created web2 ""
2024-11-01T13:12:36.169Z 6: ✅ window.created win2 "Discord"
2024-11-01T13:12:38.969Z 7: ✅ webContents.did-finish-load web2
2024-11-01T13:12:39.108Z 8: window.close win1
2024-11-01T13:12:39.112Z 9: webContents.destroyed web1
2024-11-01T13:12:39.116Z 10: window.closed win1
2024-11-02T15:18:05.620Z 0: 

----------------------------------------------
2024-11-02T15:18:05.634Z 1: Discord starting: {"releaseChannel":"stable","version":"0.0.72"}, modulepath: /home/grape/.config/discord/0.0.72/modules
2024-11-02T15:18:05.645Z 2: ✅ webContents.created web1 ""
2024-11-02T15:18:05.649Z 3: ✅ window.created win1 "discord"
2024-11-02T15:18:05.983Z 4: ✅ webContents.did-finish-load web1
2024-11-02T15:18:06.998Z 5: ✅ webContents.created web2 ""
2024-11-02T15:18:07.013Z 6: ✅ window.created win2 "Discord"
2024-11-02T15:18:10.365Z 7: ✅ webContents.did-finish-load web2
2024-11-02T15:18:10.467Z 8: window.close win1
2024-11-02T15:18:10.479Z 9: webContents.destroyed web1
2024-11-02T15:18:10.483Z 10: window.closed win1
2024-11-02T15:36:06.601Z 0: 

----------------------------------------------
2024-11-02T15:36:06.615Z 1: Discord starting: {"releaseChannel":"stable","version":"0.0.72"}, modulepath: /home/grape/.config/discord/0.0.72/modules
2024-11-02T15:36:06.620Z 2: ✅ webContents.created web1 ""
2024-11-02T15:36:06.623Z 3: ✅ window.created win1 "discord"
2024-11-02T15:36:06.844Z 4: ✅ webContents.did-finish-load web1
2024-11-02T15:36:07.822Z 5: ✅ webContents.created web2 ""
2024-11-02T15:36:07.835Z 6: ✅ window.created win2 "Discord"
2024-11-02T15:36:10.979Z 7: ✅ webContents.did-finish-load web2
2024-11-02T15:36:11.081Z 8: window.close win1
2024-11-02T15:36:11.090Z 9: webContents.destroyed web1
2024-11-02T15:36:11.094Z 10: window.closed win1
2024-11-02T16:00:51.544Z 0: 

----------------------------------------------
2024-11-02T16:00:51.556Z 1: Discord starting: {"releaseChannel":"stable","version":"0.0.72"}, modulepath: /home/grape/.config/discord/0.0.72/modules
2024-11-02T16:00:51.561Z 2: ✅ webContents.created web1 ""
2024-11-02T16:00:51.565Z 3: ✅ window.created win1 "discord"
2024-11-02T16:00:51.813Z 4: ✅ webContents.did-finish-load web1
2024-11-02T16:00:52.646Z 5: ✅ webContents.created web2 ""
2024-11-02T16:00:52.658Z 6: ✅ window.created win2 "Discord"
2024-11-02T16:00:55.638Z 7: ✅ webContents.did-finish-load web2
2024-11-02T16:00:55.739Z 8: window.close win1
2024-11-02T16:00:55.747Z 9: webContents.destroyed web1
2024-11-02T16:00:55.751Z 10: window.closed win1
2024-11-02T16:28:59.820Z 11: window.close win2
2024-11-02T16:29:02.286Z 12: before-quit
2024-11-02T16:29:02.292Z 13: window.close win2
2024-11-02T16:29:02.322Z 14: webContents.destroyed web2
2024-11-02T16:29:02.334Z 15: window.closed win2
2024-11-02T16:29:04.025Z 0: 

----------------------------------------------
2024-11-02T16:29:04.039Z 1: Discord starting: {"releaseChannel":"stable","version":"0.0.72"}, modulepath: /home/grape/.config/discord/0.0.72/modules
2024-11-02T16:29:04.044Z 2: ✅ webContents.created web1 ""
2024-11-02T16:29:04.047Z 3: ✅ window.created win1 "discord"
2024-11-02T16:29:04.279Z 4: ✅ webContents.did-finish-load web1
2024-11-02T16:29:04.741Z 5: ✅ webContents.created web2 ""
2024-11-02T16:29:04.754Z 6: ✅ window.created win2 "Discord"
2024-11-02T16:29:06.587Z 7: ✅ webContents.did-finish-load web2
2024-11-02T16:29:06.688Z 8: window.close win1
2024-11-02T16:29:06.698Z 9: webContents.destroyed web1
2024-11-02T16:29:06.701Z 10: window.closed win1
2024-11-02T16:29:34.788Z 0: 

----------------------------------------------
2024-11-02T16:29:34.808Z 1: Discord starting: {"releaseChannel":"stable","version":"0.0.72"}, modulepath: /home/grape/.config/discord/0.0.72/modules
2024-11-02T16:29:34.814Z 2: ✅ webContents.created web1 ""
2024-11-02T16:29:34.818Z 3: ✅ window.created win1 "discord"
2024-11-02T16:29:35.056Z 4: ✅ webContents.did-finish-load web1
2024-11-02T16:29:35.449Z 5: ✅ webContents.created web2 ""
2024-11-02T16:29:35.488Z 6: ✅ window.created win2 "Discord"
2024-11-02T16:29:38.257Z 7: ✅ webContents.did-finish-load web2
2024-11-02T16:29:38.358Z 8: window.close win1
2024-11-02T16:29:38.367Z 9: webContents.destroyed web1
2024-11-02T16:29:38.371Z 10: window.closed win1
2024-11-02T16:30:10.673Z 11: window.close win2
2024-11-02T16:30:13.084Z 12: before-quit
2024-11-02T16:30:13.091Z 13: window.close win2
2024-11-02T16:30:13.110Z 14: webContents.destroyed web2
2024-11-02T16:30:15.063Z 0: 

----------------------------------------------
2024-11-02T16:30:15.078Z 1: Discord starting: {"releaseChannel":"stable","version":"0.0.72"}, modulepath: /home/grape/.config/discord/0.0.72/modules
2024-11-02T16:30:15.085Z 2: ✅ webContents.created web1 ""
2024-11-02T16:30:15.089Z 3: ✅ window.created win1 "discord"
2024-11-02T16:30:15.313Z 4: ✅ webContents.did-finish-load web1
2024-11-02T16:30:15.939Z 5: ✅ webContents.created web2 ""
2024-11-02T16:30:15.951Z 6: ✅ window.created win2 "Discord"
2024-11-02T16:30:17.835Z 7: ✅ webContents.did-finish-load web2
2024-11-02T16:30:17.936Z 8: window.close win1
2024-11-02T16:30:17.945Z 9: webContents.destroyed web1
2024-11-02T16:30:17.949Z 10: window.closed win1
